Using pre-set license
Built from '2020.3/staging' branch; Version is '2020.3.5f1 (8095aa901b9b) revision 8426922'; Using compiler version '192528614'; Build Type 'Release'
OS: 'Windows 10 Home; OS build 19042.928; Version 2009; 64bit' Language: 'ko' Physical Memory: 16134 MB
BatchMode: 1, IsHumanControllingUs: 0, StartBugReporterOnCrash: 0, Is64bit: 1, IsPro: 0

 COMMAND LINE ARGUMENTS:
C:\Program Files\Unity\Hub\Editor\2020.3.5f1\Editor\Unity.exe
-adb2
-batchMode
-noUpm
-name
AssetImportWorker0
-projectPath
D:/Unity_repos/Unity-CS-Master
-logFile
Logs/AssetImportWorker0.log
-srvPort
58230
Successfully changed project path to: D:/Unity_repos/Unity-CS-Master
D:/Unity_repos/Unity-CS-Master
Using Asset Import Pipeline V2.
Refreshing native plugins compatible for Editor in 24.99 ms, found 0 plugins.
Preloading 0 native plugins for Editor in 0.00 ms.
Initialize engine version: 2020.3.5f1 (8095aa901b9b)
[Subsystems] Discovering subsystems at path C:/Program Files/Unity/Hub/Editor/2020.3.5f1/Editor/Data/Resources/UnitySubsystems
[Subsystems] Discovering subsystems at path D:/Unity_repos/Unity-CS-Master/Assets
GfxDevice: creating device client; threaded=0
Direct3D:
    Version:  Direct3D 11.0 [level 11.1]
    Renderer: AMD Radeon(TM) Vega 8 Graphics (ID=0x15d8)
    Vendor:   
    VRAM:     8067 MB
    Driver:   27.20.1012.3004
Initialize mono
Mono path[0] = 'C:/Program Files/Unity/Hub/Editor/2020.3.5f1/Editor/Data/Managed'
Mono path[1] = 'C:/Program Files/Unity/Hub/Editor/2020.3.5f1/Editor/Data/MonoBleedingEdge/lib/mono/unityjit'
Mono config path = 'C:/Program Files/Unity/Hub/Editor/2020.3.5f1/Editor/Data/MonoBleedingEdge/etc'
Using monoOptions --debugger-agent=transport=dt_socket,embedding=1,server=y,suspend=n,address=127.0.0.1:56748
Begin MonoManager ReloadAssembly
Registering precompiled unity dll's ...
Register platform support module: C:/Program Files/Unity/Hub/Editor/2020.3.5f1/Editor/Data/PlaybackEngines/WindowsStandaloneSupport/UnityEditor.WindowsStandalone.Extensions.dll
Registered in 0.002950 seconds.
Native extension for WindowsStandalone target not found
Refreshing native plugins compatible for Editor in 34.22 ms, found 0 plugins.
Preloading 0 native plugins for Editor in 0.00 ms.
Mono: successfully reloaded assembly
- Completed reload, in  2.972 seconds
Platform modules already initialized, skipping
Registering precompiled user dll's ...
Registered in 0.000741 seconds.
Begin MonoManager ReloadAssembly
Native extension for WindowsStandalone target not found
Refreshing native plugins compatible for Editor in 0.26 ms, found 0 plugins.
Preloading 0 native plugins for Editor in 0.00 ms.
Mono: successfully reloaded assembly
- Completed reload, in  1.252 seconds
Platform modules already initialized, skipping
========================================================================
Worker process is ready to serve import requests
Launched and connected shader compiler UnityShaderCompiler.exe after 0.12 seconds
Refreshing native plugins compatible for Editor in 0.28 ms, found 0 plugins.
Preloading 0 native plugins for Editor in 0.00 ms.
Unloading 1122 Unused Serialized files (Serialized files now loaded: 0)
System memory in use before: 57.3 MB.
System memory in use after: 57.3 MB.

Unloading 10 unused Assets to reduce memory usage. Loaded Objects now: 1564.
Total: 3.003400 ms (FindLiveObjects: 0.198000 ms CreateObjectMapping: 0.040700 ms MarkObjects: 2.652000 ms  DeleteObjects: 0.110500 ms)

========================================================================
Received Import Request.
  path: Assets/Scripts
  artifactKey: Guid(ddf9a73336669d54da48f22963d4564d) Importer(815301076,1909f56bfc062723c751e8b465ee728b)
Start importing Assets/Scripts using Guid(ddf9a73336669d54da48f22963d4564d) Importer(815301076,1909f56bfc062723c751e8b465ee728b)  -> (artifact id: 'da5b67e805beeeeabd1cb250b4922761') in 0.028808 seconds
  Import took 0.031691 seconds .

========================================================================
Received Import Request.
  Time since last request: 2.976009 seconds.
  path: Assets/EnemyOgre.cs
  artifactKey: Guid(ff093305c8605384ca8643247c7d0805) Importer(815301076,1909f56bfc062723c751e8b465ee728b)
Start importing Assets/EnemyOgre.cs using Guid(ff093305c8605384ca8643247c7d0805) Importer(815301076,1909f56bfc062723c751e8b465ee728b)  -> (artifact id: 'da165207ef6d04a830e265c6a6fd9498') in 0.092767 seconds
  Import took 0.095816 seconds .

========================================================================
Received Import Request.
  Time since last request: 0.536845 seconds.
  path: Assets/MyNewScript.cs
  artifactKey: Guid(22e377ee71941fa4187ec72817fc1f18) Importer(815301076,1909f56bfc062723c751e8b465ee728b)
Start importing Assets/MyNewScript.cs using Guid(22e377ee71941fa4187ec72817fc1f18) Importer(815301076,1909f56bfc062723c751e8b465ee728b)  -> (artifact id: '023fb18620fa3a78337762cd88b86eff') in 0.023135 seconds
  Import took 0.026176 seconds .

========================================================================
Received Import Request.
  Time since last request: 0.000355 seconds.
  path: Assets/MyNewScript.cs
  artifactKey: Guid(22e377ee71941fa4187ec72817fc1f18) Importer(815301076,1909f56bfc062723c751e8b465ee728b)
Start importing Assets/MyNewScript.cs using Guid(22e377ee71941fa4187ec72817fc1f18) Importer(815301076,1909f56bfc062723c751e8b465ee728b)  -> (artifact id: '023fb18620fa3a78337762cd88b86eff') in 0.017421 seconds
  Import took 0.020088 seconds .

========================================================================
Received Prepare
Registering precompiled user dll's ...
Registered in 0.000959 seconds.
Begin MonoManager ReloadAssembly
Native extension for WindowsStandalone target not found
Refreshing native plugins compatible for Editor in 0.32 ms, found 0 plugins.
Preloading 0 native plugins for Editor in 0.00 ms.
Mono: successfully reloaded assembly
- Completed reload, in  1.117 seconds
Platform modules already initialized, skipping
Refreshing native plugins compatible for Editor in 0.27 ms, found 0 plugins.
Preloading 0 native plugins for Editor in 0.00 ms.
Unloading 1117 Unused Serialized files (Serialized files now loaded: 0)
System memory in use before: 57.2 MB.
System memory in use after: 57.3 MB.

Unloading 5 unused Assets to reduce memory usage. Loaded Objects now: 1567.
Total: 3.001800 ms (FindLiveObjects: 0.329000 ms CreateObjectMapping: 0.040500 ms MarkObjects: 2.549600 ms  DeleteObjects: 0.080300 ms)

========================================================================
Received Import Request.
  Time since last request: 14.211551 seconds.
  path: Assets/Material
  artifactKey: Guid(4fd274abe746964478b26a3d7e22c118) Importer(815301076,1909f56bfc062723c751e8b465ee728b)
Start importing Assets/Material using Guid(4fd274abe746964478b26a3d7e22c118) Importer(815301076,1909f56bfc062723c751e8b465ee728b)  -> (artifact id: 'aa7358593f143f2421c230d042731512') in 0.031272 seconds
  Import took 0.034536 seconds .

========================================================================
Received Import Request.
  Time since last request: 10.655237 seconds.
  path: Assets/Resources
  artifactKey: Guid(cf485aea313bf314f9078a7c8e065bf0) Importer(815301076,1909f56bfc062723c751e8b465ee728b)
Start importing Assets/Resources using Guid(cf485aea313bf314f9078a7c8e065bf0) Importer(815301076,1909f56bfc062723c751e8b465ee728b)  -> (artifact id: '8e156556d9a98f5ac7d96a2264d666c1') in 0.030391 seconds
  Import took 0.033771 seconds .

========================================================================
Received Import Request.
  Time since last request: 8.046984 seconds.
  path: Assets/Materials
  artifactKey: Guid(4fd274abe746964478b26a3d7e22c118) Importer(815301076,1909f56bfc062723c751e8b465ee728b)
Start importing Assets/Materials using Guid(4fd274abe746964478b26a3d7e22c118) Importer(815301076,1909f56bfc062723c751e8b465ee728b)  -> (artifact id: '9ada81eb2f13e630a5c3511997b96c8a') in 0.026734 seconds
  Import took 0.029767 seconds .

========================================================================
Received Import Request.
  Time since last request: 10.743641 seconds.
  path: Assets/Resources/Materials/Black.png
  artifactKey: Guid(6b3e83e1f43d7824688507a8e39c370b) Importer(815301076,1909f56bfc062723c751e8b465ee728b)
Start importing Assets/Resources/Materials/Black.png using Guid(6b3e83e1f43d7824688507a8e39c370b) Importer(815301076,1909f56bfc062723c751e8b465ee728b)  -> (artifact id: '5646acb1ce673c3a1ba51887c45c8e7c') in 0.164244 seconds
  Import took 0.167240 seconds .

========================================================================
Received Import Request.
  Time since last request: 0.000235 seconds.
  path: Assets/Resources/Materials/grass.jpg
  artifactKey: Guid(fea0a44aa454b4441b4ad17d74ae4fa3) Importer(815301076,1909f56bfc062723c751e8b465ee728b)
Start importing Assets/Resources/Materials/grass.jpg using Guid(fea0a44aa454b4441b4ad17d74ae4fa3) Importer(815301076,1909f56bfc062723c751e8b465ee728b)  -> (artifact id: 'ba6f1b56dfdbc6f8c75613986257fb21') in 0.056727 seconds
  Import took 0.059564 seconds .

========================================================================
Received Import Request.
  Time since last request: 0.000237 seconds.
  path: Assets/Resources/Materials/SoccerBall.png
  artifactKey: Guid(57694edd4cead6f4ca69742f2ee03163) Importer(815301076,1909f56bfc062723c751e8b465ee728b)
Start importing Assets/Resources/Materials/SoccerBall.png using Guid(57694edd4cead6f4ca69742f2ee03163) Importer(815301076,1909f56bfc062723c751e8b465ee728b)  -> (artifact id: '60752d99c34dc1a6527cac1a56b92c12') in 0.057357 seconds
  Import took 0.059752 seconds .

AssetImportWorkerClient::OnTransportError - code=2 error=End of file
