Using pre-set license
Built from '2020.3/staging' branch; Version is '2020.3.4f1 (0abb6314276a) revision 703331'; Using compiler version '192528614'; Build Type 'Release'
OS: 'Windows 10 Home; OS build 19041.928; Version 2004; 64bit' Language: 'ko' Physical Memory: 32701 MB
BatchMode: 1, IsHumanControllingUs: 0, StartBugReporterOnCrash: 0, Is64bit: 1, IsPro: 0

 COMMAND LINE ARGUMENTS:
C:\Program Files\Unity\Hub\Editor\2020.3.4f1\Editor\Unity.exe
-adb2
-batchMode
-noUpm
-name
AssetImportWorker1
-projectPath
C:/Users/jihoon/Unity_repos/Unity-CS-Mater
-logFile
Logs/AssetImportWorker1.log
-srvPort
64131
Successfully changed project path to: C:/Users/jihoon/Unity_repos/Unity-CS-Mater
C:/Users/jihoon/Unity_repos/Unity-CS-Mater
Using Asset Import Pipeline V2.
Refreshing native plugins compatible for Editor in 20.85 ms, found 0 plugins.
Preloading 0 native plugins for Editor in 0.00 ms.
Initialize engine version: 2020.3.4f1 (0abb6314276a)
[Subsystems] Discovering subsystems at path C:/Program Files/Unity/Hub/Editor/2020.3.4f1/Editor/Data/Resources/UnitySubsystems
[Subsystems] Discovering subsystems at path C:/Users/jihoon/Unity_repos/Unity-CS-Mater/Assets
GfxDevice: creating device client; threaded=0
Direct3D:
    Version:  Direct3D 11.0 [level 11.1]
    Renderer: NVIDIA GeForce GTX 1660 (ID=0x2184)
    Vendor:   
    VRAM:     5991 MB
    Driver:   27.21.14.5751
Initialize mono
Mono path[0] = 'C:/Program Files/Unity/Hub/Editor/2020.3.4f1/Editor/Data/Managed'
Mono path[1] = 'C:/Program Files/Unity/Hub/Editor/2020.3.4f1/Editor/Data/MonoBleedingEdge/lib/mono/unityjit'
Mono config path = 'C:/Program Files/Unity/Hub/Editor/2020.3.4f1/Editor/Data/MonoBleedingEdge/etc'
Using monoOptions --debugger-agent=transport=dt_socket,embedding=1,server=y,suspend=n,address=127.0.0.1:56484
Begin MonoManager ReloadAssembly
Registering precompiled unity dll's ...
Register platform support module: C:/Program Files/Unity/Hub/Editor/2020.3.4f1/Editor/Data/PlaybackEngines/WindowsStandaloneSupport/UnityEditor.WindowsStandalone.Extensions.dll
Registered in 0.002341 seconds.
Native extension for WindowsStandalone target not found
Refreshing native plugins compatible for Editor in 22.06 ms, found 0 plugins.
Preloading 0 native plugins for Editor in 0.00 ms.
Mono: successfully reloaded assembly
- Completed reload, in  2.210 seconds
Platform modules already initialized, skipping
Registering precompiled user dll's ...
Registered in 0.000761 seconds.
Begin MonoManager ReloadAssembly
Native extension for WindowsStandalone target not found
Refreshing native plugins compatible for Editor in 0.23 ms, found 0 plugins.
Preloading 0 native plugins for Editor in 0.00 ms.
Mono: successfully reloaded assembly
- Completed reload, in  0.808 seconds
Platform modules already initialized, skipping
========================================================================
Worker process is ready to serve import requests
Launched and connected shader compiler UnityShaderCompiler.exe after 0.09 seconds
Refreshing native plugins compatible for Editor in 0.20 ms, found 0 plugins.
Preloading 0 native plugins for Editor in 0.00 ms.
Unloading 1117 Unused Serialized files (Serialized files now loaded: 0)
System memory in use before: 57.1 MB.
System memory in use after: 57.1 MB.

Unloading 10 unused Assets to reduce memory usage. Loaded Objects now: 1559.
Total: 1.537300 ms (FindLiveObjects: 0.148800 ms CreateObjectMapping: 0.043800 ms MarkObjects: 1.282300 ms  DeleteObjects: 0.061600 ms)

========================================================================
Received Import Request.
  path: Assets/MyScriptFile.cs
  artifactKey: Guid(675d92ae8228bc2488f5ab79af694781) Importer(815301076,1909f56bfc062723c751e8b465ee728b)
Start importing Assets/MyScriptFile.cs using Guid(675d92ae8228bc2488f5ab79af694781) Importer(815301076,1909f56bfc062723c751e8b465ee728b)  -> (artifact id: '9fc62801618af2d3fc400a8f09b07ab7') in 0.422080 seconds
  Import took 0.423785 seconds .

========================================================================
Received Prepare
Registering precompiled user dll's ...
Registered in 0.001551 seconds.
Begin MonoManager ReloadAssembly
Native extension for WindowsStandalone target not found
Refreshing native plugins compatible for Editor in 0.18 ms, found 0 plugins.
Preloading 0 native plugins for Editor in 0.00 ms.
Mono: successfully reloaded assembly
- Completed reload, in  0.748 seconds
Platform modules already initialized, skipping
Refreshing native plugins compatible for Editor in 0.17 ms, found 0 plugins.
Preloading 0 native plugins for Editor in 0.00 ms.
Unloading 1112 Unused Serialized files (Serialized files now loaded: 0)
System memory in use before: 57.0 MB.
System memory in use after: 57.1 MB.

Unloading 5 unused Assets to reduce memory usage. Loaded Objects now: 1562.
Total: 6.245400 ms (FindLiveObjects: 0.395400 ms CreateObjectMapping: 0.151100 ms MarkObjects: 5.532100 ms  DeleteObjects: 0.162000 ms)

========================================================================
Received Import Request.
  Time since last request: 49.910734 seconds.
  path: Assets/MyScriptFile.cs
  artifactKey: Guid(675d92ae8228bc2488f5ab79af694781) Importer(815301076,1909f56bfc062723c751e8b465ee728b)
Start importing Assets/MyScriptFile.cs using Guid(675d92ae8228bc2488f5ab79af694781) Importer(815301076,1909f56bfc062723c751e8b465ee728b)  -> (artifact id: '861f3460ff4278e38cd7e7b1fc1310c6') in 0.006283 seconds
  Import took 0.009100 seconds .

AssetImportWorkerClient::OnTransportError - code=2 error=End of file
